[debug] [2025-08-11T04:12:14.675Z] ----------------------------------------------------------------------
[debug] [2025-08-11T04:12:14.677Z] Command:       C:\Program Files\nodejs\node.exe C:\Users\fukur\AppData\Roaming\npm\node_modules\firebase-tools\lib\bin\firebase.js deploy --only functions:toggleFavorite
[debug] [2025-08-11T04:12:14.677Z] CLI Version:   14.11.1
[debug] [2025-08-11T04:12:14.677Z] Platform:      win32
[debug] [2025-08-11T04:12:14.677Z] Node Version:  v22.16.0
[debug] [2025-08-11T04:12:14.678Z] Time:          Mon Aug 11 2025 13:12:14 GMT+0900 (日本標準時)
[debug] [2025-08-11T04:12:14.678Z] ----------------------------------------------------------------------
[debug] 
[debug] [2025-08-11T04:12:14.826Z] > command requires scopes: ["email","openid","https://www.googleapis.com/auth/cloudplatformprojects.readonly","https://www.googleapis.com/auth/firebase","https://www.googleapis.com/auth/cloud-platform"]
[debug] [2025-08-11T04:12:14.826Z] > authorizing via signed-in user (gensye.lab@gmail.com)
[debug] [2025-08-11T04:12:14.827Z] [iam] checking project giminiaggregation for permissions ["cloudfunctions.functions.create","cloudfunctions.functions.delete","cloudfunctions.functions.get","cloudfunctions.functions.list","cloudfunctions.functions.update","cloudfunctions.operations.get","firebase.projects.get"]
[debug] [2025-08-11T04:12:14.827Z] Checked if tokens are valid: true, expires at: 1754889084930
[debug] [2025-08-11T04:12:14.828Z] Checked if tokens are valid: true, expires at: 1754889084930
[debug] [2025-08-11T04:12:14.828Z] >>> [apiv2][query] POST https://cloudresourcemanager.googleapis.com/v1/projects/giminiaggregation:testIamPermissions [none]
[debug] [2025-08-11T04:12:14.828Z] >>> [apiv2][(partial)header] POST https://cloudresourcemanager.googleapis.com/v1/projects/giminiaggregation:testIamPermissions x-goog-quota-user=projects/giminiaggregation
[debug] [2025-08-11T04:12:14.828Z] >>> [apiv2][body] POST https://cloudresourcemanager.googleapis.com/v1/projects/giminiaggregation:testIamPermissions {"permissions":["cloudfunctions.functions.create","cloudfunctions.functions.delete","cloudfunctions.functions.get","cloudfunctions.functions.list","cloudfunctions.functions.update","cloudfunctions.operations.get","firebase.projects.get"]}
[debug] [2025-08-11T04:12:15.533Z] <<< [apiv2][status] POST https://cloudresourcemanager.googleapis.com/v1/projects/giminiaggregation:testIamPermissions 200
[debug] [2025-08-11T04:12:15.533Z] <<< [apiv2][body] POST https://cloudresourcemanager.googleapis.com/v1/projects/giminiaggregation:testIamPermissions {"permissions":["cloudfunctions.functions.create","cloudfunctions.functions.delete","cloudfunctions.functions.get","cloudfunctions.functions.list","cloudfunctions.functions.update","cloudfunctions.operations.get","firebase.projects.get"]}
[debug] [2025-08-11T04:12:15.533Z] Checked if tokens are valid: true, expires at: 1754889084930
[debug] [2025-08-11T04:12:15.533Z] Checked if tokens are valid: true, expires at: 1754889084930
[debug] [2025-08-11T04:12:15.533Z] >>> [apiv2][query] POST https://iam.googleapis.com/v1/projects/giminiaggregation/serviceAccounts/giminiaggregation@appspot.gserviceaccount.com:testIamPermissions [none]
[debug] [2025-08-11T04:12:15.533Z] >>> [apiv2][body] POST https://iam.googleapis.com/v1/projects/giminiaggregation/serviceAccounts/giminiaggregation@appspot.gserviceaccount.com:testIamPermissions {"permissions":["iam.serviceAccounts.actAs"]}
[debug] [2025-08-11T04:12:15.775Z] <<< [apiv2][status] POST https://iam.googleapis.com/v1/projects/giminiaggregation/serviceAccounts/giminiaggregation@appspot.gserviceaccount.com:testIamPermissions 200
[debug] [2025-08-11T04:12:15.775Z] <<< [apiv2][body] POST https://iam.googleapis.com/v1/projects/giminiaggregation/serviceAccounts/giminiaggregation@appspot.gserviceaccount.com:testIamPermissions {"permissions":["iam.serviceAccounts.actAs"]}
[info] 
[info] === Deploying to 'giminiaggregation'...
[info] 
[info] i  deploying functions 
[debug] [2025-08-11T04:12:15.777Z] Checked if tokens are valid: true, expires at: 1754889084930
[debug] [2025-08-11T04:12:15.777Z] Checked if tokens are valid: true, expires at: 1754889084930
[debug] [2025-08-11T04:12:15.777Z] >>> [apiv2][query] GET https://cloudresourcemanager.googleapis.com/v1/projects/giminiaggregation [none]
[debug] [2025-08-11T04:12:15.959Z] <<< [apiv2][status] GET https://cloudresourcemanager.googleapis.com/v1/projects/giminiaggregation 200
[debug] [2025-08-11T04:12:15.959Z] <<< [apiv2][body] GET https://cloudresourcemanager.googleapis.com/v1/projects/giminiaggregation {"projectNumber":"163798845108","projectId":"giminiaggregation","lifecycleState":"ACTIVE","name":"giminiaggregation","labels":{"firebase":"enabled","firebase-core":"disabled","generative-language":"enabled"},"createTime":"2025-08-03T05:59:03.876260Z"}
[info] i  functions: preparing codebase default for deployment 
[info] i  functions: ensuring required API cloudfunctions.googleapis.com is enabled... 
[info] i  functions: ensuring required API cloudbuild.googleapis.com is enabled... 
[info] i  artifactregistry: ensuring required API artifactregistry.googleapis.com is enabled... 
[debug] [2025-08-11T04:12:15.961Z] Checked if tokens are valid: true, expires at: 1754889084930
[debug] [2025-08-11T04:12:15.962Z] Checked if tokens are valid: true, expires at: 1754889084930
[debug] [2025-08-11T04:12:15.962Z] >>> [apiv2][query] GET https://firebase.googleapis.com/v1beta1/projects/giminiaggregation/adminSdkConfig [none]
[debug] [2025-08-11T04:12:16.548Z] <<< [apiv2][status] GET https://firebase.googleapis.com/v1beta1/projects/giminiaggregation/adminSdkConfig 200
[debug] [2025-08-11T04:12:16.548Z] <<< [apiv2][body] GET https://firebase.googleapis.com/v1beta1/projects/giminiaggregation/adminSdkConfig {"projectId":"giminiaggregation","storageBucket":"giminiaggregation.firebasestorage.app"}
[debug] [2025-08-11T04:12:16.548Z] Checked if tokens are valid: true, expires at: 1754889084930
[debug] [2025-08-11T04:12:16.548Z] Checked if tokens are valid: true, expires at: 1754889084930
[debug] [2025-08-11T04:12:16.548Z] >>> [apiv2][query] GET https://runtimeconfig.googleapis.com/v1beta1/projects/giminiaggregation/configs [none]
[debug] [2025-08-11T04:12:16.914Z] <<< [apiv2][status] GET https://runtimeconfig.googleapis.com/v1beta1/projects/giminiaggregation/configs 200
[debug] [2025-08-11T04:12:16.915Z] <<< [apiv2][body] GET https://runtimeconfig.googleapis.com/v1beta1/projects/giminiaggregation/configs {}
[debug] [2025-08-11T04:12:16.916Z] Validating nodejs source
[warn] !  functions: Runtime Node.js 18 was deprecated on 2025-04-30 and will be decommissioned on 2025-10-30, after which you will not be able to deploy without upgrading. Consider upgrading now to avoid disruption. See https://cloud.google.com/functions/docs/runtime-support for full details on the lifecycle policy 
[warn] !  functions: package.json indicates an outdated version of firebase-functions. Please upgrade using npm install --save firebase-functions@latest in your functions directory. 
[warn] !  functions: Please note that there will be breaking changes when you upgrade. 
[debug] [2025-08-11T04:12:17.796Z] > [functions] package.json contents: {
  "name": "functions",
  "main": "index.js",
  "engines": {
    "node": "18"
  },
  "dependencies": {
    "firebase-admin": "^11.10.1",
    "firebase-functions": "^4.4.1"
  }
}
[debug] [2025-08-11T04:12:17.796Z] Building nodejs source
[info] i  functions: Loading and analyzing source code for codebase default to determine what to deploy 
[info] i  functions: You are using a version of firebase-functions SDK (4.9.0) that does not have support for the newest Firebase Extensions features. Please update firebase-functions SDK to >=5.1.0 to use them correctly 
[debug] [2025-08-11T04:12:17.797Z] Could not find functions.yaml. Must use http discovery
[debug] [2025-08-11T04:12:17.809Z] Found firebase-functions binary at 'C:\Users\fukur\giminiaggregation\functions\node_modules\.bin\firebase-functions'
[info] Serving at port 8070

[debug] [2025-08-11T04:12:18.410Z] Got response from /__/functions.yaml {"endpoints":{"toggleFavorite":{"platform":"gcfv1","labels":{},"availableMemoryMb":null,"timeoutSeconds":null,"minInstances":null,"maxInstances":null,"ingressSettings":null,"serviceAccountEmail":null,"vpc":null,"callableTrigger":{},"entryPoint":"toggleFavorite"}},"specVersion":"v1alpha1","requiredAPIs":[]}
[info] i  functions: preparing functions directory for uploading... 
[info] i  functions: packaged C:\Users\fukur\giminiaggregation\functions (42.32 KB) for uploading 
[debug] [2025-08-11T04:12:22.478Z] Checked if tokens are valid: true, expires at: 1754889084930
[debug] [2025-08-11T04:12:22.478Z] Checked if tokens are valid: true, expires at: 1754889084930
[debug] [2025-08-11T04:12:22.478Z] >>> [apiv2][query] GET https://cloudfunctions.googleapis.com/v1/projects/giminiaggregation/locations/-/functions [none]
[debug] [2025-08-11T04:12:23.241Z] <<< [apiv2][status] GET https://cloudfunctions.googleapis.com/v1/projects/giminiaggregation/locations/-/functions 200
[debug] [2025-08-11T04:12:23.242Z] <<< [apiv2][body] GET https://cloudfunctions.googleapis.com/v1/projects/giminiaggregation/locations/-/functions {}
[debug] [2025-08-11T04:12:23.242Z] Checked if tokens are valid: true, expires at: 1754889084930
[debug] [2025-08-11T04:12:23.242Z] Checked if tokens are valid: true, expires at: 1754889084930
[debug] [2025-08-11T04:12:23.242Z] >>> [apiv2][query] GET https://cloudfunctions.googleapis.com/v2/projects/giminiaggregation/locations/-/functions filter=environment%3D%22GEN_2%22
[debug] [2025-08-11T04:12:24.560Z] <<< [apiv2][status] GET https://cloudfunctions.googleapis.com/v2/projects/giminiaggregation/locations/-/functions 200
[debug] [2025-08-11T04:12:24.561Z] <<< [apiv2][body] GET https://cloudfunctions.googleapis.com/v2/projects/giminiaggregation/locations/-/functions {}
[debug] [2025-08-11T04:12:24.563Z] Checked if tokens are valid: true, expires at: 1754889084930
[debug] [2025-08-11T04:12:24.563Z] Checked if tokens are valid: true, expires at: 1754889084930
[debug] [2025-08-11T04:12:24.563Z] >>> [apiv2][query] GET https://cloudresourcemanager.googleapis.com/v1/projects/giminiaggregation [none]
[debug] [2025-08-11T04:12:25.236Z] <<< [apiv2][status] GET https://cloudresourcemanager.googleapis.com/v1/projects/giminiaggregation 200
[debug] [2025-08-11T04:12:25.236Z] <<< [apiv2][body] GET https://cloudresourcemanager.googleapis.com/v1/projects/giminiaggregation {"projectNumber":"163798845108","projectId":"giminiaggregation","lifecycleState":"ACTIVE","name":"giminiaggregation","labels":{"firebase":"enabled","firebase-core":"disabled","generative-language":"enabled"},"createTime":"2025-08-03T05:59:03.876260Z"}
[debug] [2025-08-11T04:12:25.237Z] Checked if tokens are valid: true, expires at: 1754889084930
[debug] [2025-08-11T04:12:25.237Z] Checked if tokens are valid: true, expires at: 1754889084930
[debug] [2025-08-11T04:12:25.237Z] >>> [apiv2][query] POST https://cloudfunctions.googleapis.com/v1/projects/giminiaggregation/locations/us-central1/functions:generateUploadUrl [none]
[debug] [2025-08-11T04:12:25.237Z] >>> [apiv2][body] POST https://cloudfunctions.googleapis.com/v1/projects/giminiaggregation/locations/us-central1/functions:generateUploadUrl {}
[debug] [2025-08-11T04:12:36.234Z] <<< [apiv2][status] POST https://cloudfunctions.googleapis.com/v1/projects/giminiaggregation/locations/us-central1/functions:generateUploadUrl 200
[debug] [2025-08-11T04:12:36.234Z] <<< [apiv2][body] POST https://cloudfunctions.googleapis.com/v1/projects/giminiaggregation/locations/us-central1/functions:generateUploadUrl {"uploadUrl":"https://storage.googleapis.com/uploads-665223571097.us-central1.cloudfunctions.appspot.com/3dc58fab-4f84-4efc-9c81-6c12bc21ffa5.zip?GoogleAccessId=service-163798845108@gcf-admin-robot.iam.gserviceaccount.com&Expires=1754887356&Signature=K6qlCBpPQ%2B8msBJ5dsYDqhG8JNUlR4U5Hu%2F%2FllJH5bHt6aKAbGpBwRKNQloXCE3FWCgJi88oourRISlXnxBYMm4sSUdrsDkmgFFfkwb3nLP4b502jqK5dkqJzvOJ8YAfak7Kq00yRXxZJRJoB7BinoX1mhO9d4g1BDp2QzbGmsR9s7bA0KEnhV%2BZzJeflvbpb%2BwutEBkbznZHbhCdOMLWtfRConLxtB2ki3DeiMAXOgfq%2Fg%2BS762P%2F4YvWX46c9bYifbnK87D1hob%2BoSDqRl0TzYLQrozSpJyaJrVomO2ogtWpVnfimXCVTwB%2BgsYXankreiPF3%2B5NoIn%2Bvg72anEw%3D%3D"}
[debug] [2025-08-11T04:12:36.235Z] >>> [apiv2][query] PUT https://storage.googleapis.com/uploads-665223571097.us-central1.cloudfunctions.appspot.com/3dc58fab-4f84-4efc-9c81-6c12bc21ffa5.zip GoogleAccessId=service-163798845108%40gcf-admin-robot.iam.gserviceaccount.com&Expires=1754887356&Signature=K6qlCBpPQ%2B8msBJ5dsYDqhG8JNUlR4U5Hu%2F%2FllJH5bHt6aKAbGpBwRKNQloXCE3FWCgJi88oourRISlXnxBYMm4sSUdrsDkmgFFfkwb3nLP4b502jqK5dkqJzvOJ8YAfak7Kq00yRXxZJRJoB7BinoX1mhO9d4g1BDp2QzbGmsR9s7bA0KEnhV%2BZzJeflvbpb%2BwutEBkbznZHbhCdOMLWtfRConLxtB2ki3DeiMAXOgfq%2Fg%2BS762P%2F4YvWX46c9bYifbnK87D1hob%2BoSDqRl0TzYLQrozSpJyaJrVomO2ogtWpVnfimXCVTwB%2BgsYXankreiPF3%2B5NoIn%2Bvg72anEw%3D%3D
[debug] [2025-08-11T04:12:36.235Z] >>> [apiv2][body] PUT https://storage.googleapis.com/uploads-665223571097.us-central1.cloudfunctions.appspot.com/3dc58fab-4f84-4efc-9c81-6c12bc21ffa5.zip [stream]
[debug] [2025-08-11T04:12:36.830Z] <<< [apiv2][status] PUT https://storage.googleapis.com/uploads-665223571097.us-central1.cloudfunctions.appspot.com/3dc58fab-4f84-4efc-9c81-6c12bc21ffa5.zip 200
[debug] [2025-08-11T04:12:36.830Z] <<< [apiv2][body] PUT https://storage.googleapis.com/uploads-665223571097.us-central1.cloudfunctions.appspot.com/3dc58fab-4f84-4efc-9c81-6c12bc21ffa5.zip [omitted]
[info] +  functions: functions folder uploaded successfully 
[info] i  functions: creating Node.js 18 (1st Gen) function toggleFavorite(us-central1)... 
[debug] [2025-08-11T04:12:36.833Z] Checked if tokens are valid: true, expires at: 1754889084930
[debug] [2025-08-11T04:12:36.833Z] Checked if tokens are valid: true, expires at: 1754889084930
[debug] [2025-08-11T04:12:36.833Z] >>> [apiv2][query] POST https://cloudfunctions.googleapis.com/v1/projects/giminiaggregation/locations/us-central1/functions [none]
[debug] [2025-08-11T04:12:36.833Z] >>> [apiv2][body] POST https://cloudfunctions.googleapis.com/v1/projects/giminiaggregation/locations/us-central1/functions {"name":"projects/giminiaggregation/locations/us-central1/functions/toggleFavorite","sourceUploadUrl":"https://storage.googleapis.com/uploads-665223571097.us-central1.cloudfunctions.appspot.com/3dc58fab-4f84-4efc-9c81-6c12bc21ffa5.zip?GoogleAccessId=service-163798845108@gcf-admin-robot.iam.gserviceaccount.com&Expires=1754887356&Signature=K6qlCBpPQ%2B8msBJ5dsYDqhG8JNUlR4U5Hu%2F%2FllJH5bHt6aKAbGpBwRKNQloXCE3FWCgJi88oourRISlXnxBYMm4sSUdrsDkmgFFfkwb3nLP4b502jqK5dkqJzvOJ8YAfak7Kq00yRXxZJRJoB7BinoX1mhO9d4g1BDp2QzbGmsR9s7bA0KEnhV%2BZzJeflvbpb%2BwutEBkbznZHbhCdOMLWtfRConLxtB2ki3DeiMAXOgfq%2Fg%2BS762P%2F4YvWX46c9bYifbnK87D1hob%2BoSDqRl0TzYLQrozSpJyaJrVomO2ogtWpVnfimXCVTwB%2BgsYXankreiPF3%2B5NoIn%2Bvg72anEw%3D%3D","entryPoint":"toggleFavorite","runtime":"nodejs18","dockerRegistry":"ARTIFACT_REGISTRY","labels":{"deployment-tool":"cli-firebase","deployment-callable":"true","firebase-functions-hash":"d48d054a8c13dc93d6a9f4dc50958cb015f400e5"},"httpsTrigger":{"securityLevel":"SECURE_ALWAYS"},"minInstances":null,"maxInstances":null,"ingressSettings":null,"environmentVariables":{"FIREBASE_CONFIG":"{\"projectId\":\"giminiaggregation\",\"storageBucket\":\"giminiaggregation.firebasestorage.app\"}","GCLOUD_PROJECT":"giminiaggregation","EVENTARC_CLOUD_EVENT_SOURCE":"projects/giminiaggregation/locations/us-central1/functions/toggleFavorite"},"serviceAccountEmail":null,"availableMemoryMb":null,"timeout":null,"vpcConnector":null,"vpcConnectorEgressSettings":null,"buildEnvironmentVariables":{"GOOGLE_NODE_RUN_SCRIPTS":""}}
[debug] [2025-08-11T04:12:37.462Z] <<< [apiv2][status] POST https://cloudfunctions.googleapis.com/v1/projects/giminiaggregation/locations/us-central1/functions 403
[debug] [2025-08-11T04:12:37.463Z] <<< [apiv2][body] POST https://cloudfunctions.googleapis.com/v1/projects/giminiaggregation/locations/us-central1/functions {"error":{"code":403,"message":"Failed to create 1st Gen function projects/giminiaggregation/locations/us-central1/functions/toggleFavorite: Unable to retrieve the repository metadata for projects/giminiaggregation/locations/us-central1/repositories/gcf-artifacts. Ensure that the Cloud Functions service account has 'artifactregistry.repositories.list' and 'artifactregistry.repositories.get' permissions. You can add the permissions by granting the role 'roles/artifactregistry.reader'.","status":"PERMISSION_DENIED"}}
[warn] !  functions: failed to create function projects/giminiaggregation/locations/us-central1/functions/toggleFavorite 
[error] Failed to create function projects/giminiaggregation/locations/us-central1/functions/toggleFavorite
[debug] [2025-08-11T04:12:37.465Z] Total Function Deployment time: 632
[debug] [2025-08-11T04:12:37.465Z] 1 Functions Deployed
[debug] [2025-08-11T04:12:37.465Z] 1 Functions Errored
[debug] [2025-08-11T04:12:37.465Z] 0 Function Deployments Aborted
[debug] [2025-08-11T04:12:37.465Z] Average Function Deployment time: 632
[info] 
[info] Functions deploy had errors with the following functions:
	toggleFavorite(us-central1)
[debug] [2025-08-11T04:12:37.466Z] Checked if tokens are valid: true, expires at: 1754889084930
[debug] [2025-08-11T04:12:37.466Z] Checked if tokens are valid: true, expires at: 1754889084930
[debug] [2025-08-11T04:12:37.466Z] >>> [apiv2][query] GET https://artifactregistry.googleapis.com/v1/projects/giminiaggregation/locations/us-central1/repositories/gcf-artifacts [none]
[debug] [2025-08-11T04:12:38.542Z] <<< [apiv2][status] GET https://artifactregistry.googleapis.com/v1/projects/giminiaggregation/locations/us-central1/repositories/gcf-artifacts 404
[debug] [2025-08-11T04:12:38.542Z] <<< [apiv2][body] GET https://artifactregistry.googleapis.com/v1/projects/giminiaggregation/locations/us-central1/repositories/gcf-artifacts {"error":{"code":404,"message":"Requested entity was not found.","status":"NOT_FOUND"}}
[debug] [2025-08-11T04:12:38.542Z] Failed to check artifact cleanup policy for region us-central1: Request to https://artifactregistry.googleapis.com/v1/projects/giminiaggregation/locations/us-central1/repositories/gcf-artifacts had HTTP Error: 404, Requested entity was not found. {"name":"FirebaseError","children":[],"context":{"body":{"error":{"code":404,"message":"Requested entity was not found.","status":"NOT_FOUND"}},"response":{"statusCode":404}},"exit":1,"message":"Request to https://artifactregistry.googleapis.com/v1/projects/giminiaggregation/locations/us-central1/repositories/gcf-artifacts had HTTP Error: 404, Requested entity was not found.","status":404}
[debug] [2025-08-11T04:12:38.542Z] Functions deploy failed.
[debug] [2025-08-11T04:12:38.542Z] {
  "endpoint": {
    "id": "toggleFavorite",
    "project": "giminiaggregation",
    "region": "us-central1",
    "entryPoint": "toggleFavorite",
    "platform": "gcfv1",
    "runtime": "nodejs18",
    "callableTrigger": {},
    "labels": {
      "deployment-tool": "cli-firebase"
    },
    "serviceAccount": null,
    "ingressSettings": null,
    "availableMemoryMb": null,
    "timeoutSeconds": null,
    "maxInstances": null,
    "minInstances": null,
    "vpc": null,
    "environmentVariables": {
      "FIREBASE_CONFIG": "{\"projectId\":\"giminiaggregation\",\"storageBucket\":\"giminiaggregation.firebasestorage.app\"}",
      "GCLOUD_PROJECT": "giminiaggregation",
      "EVENTARC_CLOUD_EVENT_SOURCE": "projects/giminiaggregation/locations/us-central1/functions/toggleFavorite"
    },
    "codebase": "default",
    "targetedByOnly": true,
    "hash": "d48d054a8c13dc93d6a9f4dc50958cb015f400e5"
  },
  "op": "create",
  "original": {
    "name": "FirebaseError",
    "children": [],
    "context": {
      "function": "projects/giminiaggregation/locations/us-central1/functions/toggleFavorite"
    },
    "exit": 1,
    "message": "Failed to create function projects/giminiaggregation/locations/us-central1/functions/toggleFavorite",
    "original": {
      "name": "FirebaseError",
      "children": [],
      "context": {
        "body": {
          "error": {
            "code": 403,
            "message": "Failed to create 1st Gen function projects/giminiaggregation/locations/us-central1/functions/toggleFavorite: Unable to retrieve the repository metadata for projects/giminiaggregation/locations/us-central1/repositories/gcf-artifacts. Ensure that the Cloud Functions service account has 'artifactregistry.repositories.list' and 'artifactregistry.repositories.get' permissions. You can add the permissions by granting the role 'roles/artifactregistry.reader'.",
            "status": "PERMISSION_DENIED"
          }
        },
        "response": {
          "statusCode": 403
        }
      },
      "exit": 1,
      "message": "Request to https://cloudfunctions.googleapis.com/v1/projects/giminiaggregation/locations/us-central1/functions had HTTP Error: 403, Failed to create 1st Gen function projects/giminiaggregation/locations/us-central1/functions/toggleFavorite: Unable to retrieve the repository metadata for projects/giminiaggregation/locations/us-central1/repositories/gcf-artifacts. Ensure that the Cloud Functions service account has 'artifactregistry.repositories.list' and 'artifactregistry.repositories.get' permissions. You can add the permissions by granting the role 'roles/artifactregistry.reader'.",
      "status": 403
    },
    "status": 403,
    "code": 403
  }
}
[debug] [2025-08-11T04:12:38.543Z] Error: Failed to create function toggleFavorite in region us-central1
    at C:\Users\fukur\AppData\Roaming\npm\node_modules\firebase-tools\lib\deploy\functions\release\fabricator.js:52:11
    at process.processTicksAndRejections (node:internal/process/task_queues:105:5)
    at async Fabricator.createV1Function (C:\Users\fukur\AppData\Roaming\npm\node_modules\firebase-tools\lib\deploy\functions\release\fabricator.js:182:32)
    at async Fabricator.createEndpoint (C:\Users\fukur\AppData\Roaming\npm\node_modules\firebase-tools\lib\deploy\functions\release\fabricator.js:134:13)
    at async handle (C:\Users\fukur\AppData\Roaming\npm\node_modules\firebase-tools\lib\deploy\functions\release\fabricator.js:89:17)
[error] 
[error] Error: There was an error deploying functions
[debug] [2025-08-11T04:12:58.539Z] ----------------------------------------------------------------------
[debug] [2025-08-11T04:12:58.541Z] Command:       C:\Program Files\nodejs\node.exe C:\Users\fukur\AppData\Roaming\npm\node_modules\firebase-tools\lib\bin\firebase.js deploy --only functions:toggleFavorite
[debug] [2025-08-11T04:12:58.541Z] CLI Version:   14.11.1
[debug] [2025-08-11T04:12:58.542Z] Platform:      win32
[debug] [2025-08-11T04:12:58.542Z] Node Version:  v22.16.0
[debug] [2025-08-11T04:12:58.542Z] Time:          Mon Aug 11 2025 13:12:58 GMT+0900 (日本標準時)
[debug] [2025-08-11T04:12:58.542Z] ----------------------------------------------------------------------
[debug] 
[debug] [2025-08-11T04:12:58.697Z] > command requires scopes: ["email","openid","https://www.googleapis.com/auth/cloudplatformprojects.readonly","https://www.googleapis.com/auth/firebase","https://www.googleapis.com/auth/cloud-platform"]
[debug] [2025-08-11T04:12:58.698Z] > authorizing via signed-in user (gensye.lab@gmail.com)
[debug] [2025-08-11T04:12:58.698Z] [iam] checking project giminiaggregation for permissions ["cloudfunctions.functions.create","cloudfunctions.functions.delete","cloudfunctions.functions.get","cloudfunctions.functions.list","cloudfunctions.functions.update","cloudfunctions.operations.get","firebase.projects.get"]
[debug] [2025-08-11T04:12:58.699Z] Checked if tokens are valid: true, expires at: 1754889084930
[debug] [2025-08-11T04:12:58.699Z] Checked if tokens are valid: true, expires at: 1754889084930
[debug] [2025-08-11T04:12:58.700Z] >>> [apiv2][query] POST https://cloudresourcemanager.googleapis.com/v1/projects/giminiaggregation:testIamPermissions [none]
[debug] [2025-08-11T04:12:58.700Z] >>> [apiv2][(partial)header] POST https://cloudresourcemanager.googleapis.com/v1/projects/giminiaggregation:testIamPermissions x-goog-quota-user=projects/giminiaggregation
[debug] [2025-08-11T04:12:58.700Z] >>> [apiv2][body] POST https://cloudresourcemanager.googleapis.com/v1/projects/giminiaggregation:testIamPermissions {"permissions":["cloudfunctions.functions.create","cloudfunctions.functions.delete","cloudfunctions.functions.get","cloudfunctions.functions.list","cloudfunctions.functions.update","cloudfunctions.operations.get","firebase.projects.get"]}
[debug] [2025-08-11T04:12:59.390Z] <<< [apiv2][status] POST https://cloudresourcemanager.googleapis.com/v1/projects/giminiaggregation:testIamPermissions 200
[debug] [2025-08-11T04:12:59.391Z] <<< [apiv2][body] POST https://cloudresourcemanager.googleapis.com/v1/projects/giminiaggregation:testIamPermissions {"permissions":["cloudfunctions.functions.create","cloudfunctions.functions.delete","cloudfunctions.functions.get","cloudfunctions.functions.list","cloudfunctions.functions.update","cloudfunctions.operations.get","firebase.projects.get"]}
[debug] [2025-08-11T04:12:59.391Z] Checked if tokens are valid: true, expires at: 1754889084930
[debug] [2025-08-11T04:12:59.391Z] Checked if tokens are valid: true, expires at: 1754889084930
[debug] [2025-08-11T04:12:59.391Z] >>> [apiv2][query] POST https://iam.googleapis.com/v1/projects/giminiaggregation/serviceAccounts/giminiaggregation@appspot.gserviceaccount.com:testIamPermissions [none]
[debug] [2025-08-11T04:12:59.391Z] >>> [apiv2][body] POST https://iam.googleapis.com/v1/projects/giminiaggregation/serviceAccounts/giminiaggregation@appspot.gserviceaccount.com:testIamPermissions {"permissions":["iam.serviceAccounts.actAs"]}
[debug] [2025-08-11T04:12:59.614Z] <<< [apiv2][status] POST https://iam.googleapis.com/v1/projects/giminiaggregation/serviceAccounts/giminiaggregation@appspot.gserviceaccount.com:testIamPermissions 200
[debug] [2025-08-11T04:12:59.614Z] <<< [apiv2][body] POST https://iam.googleapis.com/v1/projects/giminiaggregation/serviceAccounts/giminiaggregation@appspot.gserviceaccount.com:testIamPermissions {"permissions":["iam.serviceAccounts.actAs"]}
[info] 
[info] === Deploying to 'giminiaggregation'...
[info] 
[info] i  deploying functions 
[debug] [2025-08-11T04:12:59.616Z] Checked if tokens are valid: true, expires at: 1754889084930
[debug] [2025-08-11T04:12:59.616Z] Checked if tokens are valid: true, expires at: 1754889084930
[debug] [2025-08-11T04:12:59.616Z] >>> [apiv2][query] GET https://cloudresourcemanager.googleapis.com/v1/projects/giminiaggregation [none]
[debug] [2025-08-11T04:12:59.799Z] <<< [apiv2][status] GET https://cloudresourcemanager.googleapis.com/v1/projects/giminiaggregation 200
[debug] [2025-08-11T04:12:59.799Z] <<< [apiv2][body] GET https://cloudresourcemanager.googleapis.com/v1/projects/giminiaggregation {"projectNumber":"163798845108","projectId":"giminiaggregation","lifecycleState":"ACTIVE","name":"giminiaggregation","labels":{"firebase":"enabled","firebase-core":"disabled","generative-language":"enabled"},"createTime":"2025-08-03T05:59:03.876260Z"}
[info] i  functions: preparing codebase default for deployment 
[info] i  functions: ensuring required API cloudfunctions.googleapis.com is enabled... 
[info] i  functions: ensuring required API cloudbuild.googleapis.com is enabled... 
[info] i  artifactregistry: ensuring required API artifactregistry.googleapis.com is enabled... 
[debug] [2025-08-11T04:12:59.801Z] Checked if tokens are valid: true, expires at: 1754889084930
[debug] [2025-08-11T04:12:59.801Z] Checked if tokens are valid: true, expires at: 1754889084930
[debug] [2025-08-11T04:12:59.801Z] >>> [apiv2][query] GET https://firebase.googleapis.com/v1beta1/projects/giminiaggregation/adminSdkConfig [none]
[debug] [2025-08-11T04:13:00.408Z] <<< [apiv2][status] GET https://firebase.googleapis.com/v1beta1/projects/giminiaggregation/adminSdkConfig 200
[debug] [2025-08-11T04:13:00.408Z] <<< [apiv2][body] GET https://firebase.googleapis.com/v1beta1/projects/giminiaggregation/adminSdkConfig {"projectId":"giminiaggregation","storageBucket":"giminiaggregation.firebasestorage.app"}
[debug] [2025-08-11T04:13:00.408Z] Checked if tokens are valid: true, expires at: 1754889084930
[debug] [2025-08-11T04:13:00.408Z] Checked if tokens are valid: true, expires at: 1754889084930
[debug] [2025-08-11T04:13:00.409Z] >>> [apiv2][query] GET https://runtimeconfig.googleapis.com/v1beta1/projects/giminiaggregation/configs [none]
[debug] [2025-08-11T04:13:00.736Z] <<< [apiv2][status] GET https://runtimeconfig.googleapis.com/v1beta1/projects/giminiaggregation/configs 200
[debug] [2025-08-11T04:13:00.736Z] <<< [apiv2][body] GET https://runtimeconfig.googleapis.com/v1beta1/projects/giminiaggregation/configs {}
[debug] [2025-08-11T04:13:00.737Z] Validating nodejs source
[warn] !  functions: Runtime Node.js 18 was deprecated on 2025-04-30 and will be decommissioned on 2025-10-30, after which you will not be able to deploy without upgrading. Consider upgrading now to avoid disruption. See https://cloud.google.com/functions/docs/runtime-support for full details on the lifecycle policy 
[warn] !  functions: package.json indicates an outdated version of firebase-functions. Please upgrade using npm install --save firebase-functions@latest in your functions directory. 
[warn] !  functions: Please note that there will be breaking changes when you upgrade. 
[debug] [2025-08-11T04:13:01.598Z] > [functions] package.json contents: {
  "name": "functions",
  "main": "index.js",
  "engines": {
    "node": "18"
  },
  "dependencies": {
    "firebase-admin": "^11.10.1",
    "firebase-functions": "^4.4.1"
  }
}
[debug] [2025-08-11T04:13:01.598Z] Building nodejs source
[info] i  functions: Loading and analyzing source code for codebase default to determine what to deploy 
[info] i  functions: You are using a version of firebase-functions SDK (4.9.0) that does not have support for the newest Firebase Extensions features. Please update firebase-functions SDK to >=5.1.0 to use them correctly 
[debug] [2025-08-11T04:13:01.599Z] Could not find functions.yaml. Must use http discovery
[debug] [2025-08-11T04:13:01.605Z] Found firebase-functions binary at 'C:\Users\fukur\giminiaggregation\functions\node_modules\.bin\firebase-functions'
[info] Serving at port 8088

[debug] [2025-08-11T04:13:02.080Z] Got response from /__/functions.yaml {"endpoints":{"toggleFavorite":{"platform":"gcfv1","labels":{},"availableMemoryMb":null,"timeoutSeconds":null,"minInstances":null,"maxInstances":null,"ingressSettings":null,"serviceAccountEmail":null,"vpc":null,"callableTrigger":{},"entryPoint":"toggleFavorite"}},"specVersion":"v1alpha1","requiredAPIs":[]}
[info] i  functions: preparing functions directory for uploading... 
[info] i  functions: packaged C:\Users\fukur\giminiaggregation\functions (42.19 KB) for uploading 
[debug] [2025-08-11T04:13:06.140Z] Checked if tokens are valid: true, expires at: 1754889084930
[debug] [2025-08-11T04:13:06.140Z] Checked if tokens are valid: true, expires at: 1754889084930
[debug] [2025-08-11T04:13:06.140Z] >>> [apiv2][query] GET https://cloudfunctions.googleapis.com/v1/projects/giminiaggregation/locations/-/functions [none]
[debug] [2025-08-11T04:13:06.820Z] <<< [apiv2][status] GET https://cloudfunctions.googleapis.com/v1/projects/giminiaggregation/locations/-/functions 200
[debug] [2025-08-11T04:13:06.820Z] <<< [apiv2][body] GET https://cloudfunctions.googleapis.com/v1/projects/giminiaggregation/locations/-/functions {}
[debug] [2025-08-11T04:13:06.821Z] Checked if tokens are valid: true, expires at: 1754889084930
[debug] [2025-08-11T04:13:06.821Z] Checked if tokens are valid: true, expires at: 1754889084930
[debug] [2025-08-11T04:13:06.821Z] >>> [apiv2][query] GET https://cloudfunctions.googleapis.com/v2/projects/giminiaggregation/locations/-/functions filter=environment%3D%22GEN_2%22
[debug] [2025-08-11T04:13:08.142Z] <<< [apiv2][status] GET https://cloudfunctions.googleapis.com/v2/projects/giminiaggregation/locations/-/functions 200
[debug] [2025-08-11T04:13:08.142Z] <<< [apiv2][body] GET https://cloudfunctions.googleapis.com/v2/projects/giminiaggregation/locations/-/functions {}
[debug] [2025-08-11T04:13:08.146Z] Checked if tokens are valid: true, expires at: 1754889084930
[debug] [2025-08-11T04:13:08.146Z] Checked if tokens are valid: true, expires at: 1754889084930
[debug] [2025-08-11T04:13:08.146Z] >>> [apiv2][query] GET https://cloudresourcemanager.googleapis.com/v1/projects/giminiaggregation [none]
[debug] [2025-08-11T04:13:08.829Z] <<< [apiv2][status] GET https://cloudresourcemanager.googleapis.com/v1/projects/giminiaggregation 200
[debug] [2025-08-11T04:13:08.829Z] <<< [apiv2][body] GET https://cloudresourcemanager.googleapis.com/v1/projects/giminiaggregation {"projectNumber":"163798845108","projectId":"giminiaggregation","lifecycleState":"ACTIVE","name":"giminiaggregation","labels":{"firebase":"enabled","firebase-core":"disabled","generative-language":"enabled"},"createTime":"2025-08-03T05:59:03.876260Z"}
[debug] [2025-08-11T04:13:08.830Z] Checked if tokens are valid: true, expires at: 1754889084930
[debug] [2025-08-11T04:13:08.830Z] Checked if tokens are valid: true, expires at: 1754889084930
[debug] [2025-08-11T04:13:08.830Z] >>> [apiv2][query] POST https://cloudfunctions.googleapis.com/v1/projects/giminiaggregation/locations/us-central1/functions:generateUploadUrl [none]
[debug] [2025-08-11T04:13:08.830Z] >>> [apiv2][body] POST https://cloudfunctions.googleapis.com/v1/projects/giminiaggregation/locations/us-central1/functions:generateUploadUrl {}
[debug] [2025-08-11T04:13:09.513Z] <<< [apiv2][status] POST https://cloudfunctions.googleapis.com/v1/projects/giminiaggregation/locations/us-central1/functions:generateUploadUrl 200
[debug] [2025-08-11T04:13:09.514Z] <<< [apiv2][body] POST https://cloudfunctions.googleapis.com/v1/projects/giminiaggregation/locations/us-central1/functions:generateUploadUrl {"uploadUrl":"https://storage.googleapis.com/uploads-665223571097.us-central1.cloudfunctions.appspot.com/c1844e43-3f84-44e7-85b4-92547ff7d1cc.zip?GoogleAccessId=service-163798845108@gcf-admin-robot.iam.gserviceaccount.com&Expires=1754887389&Signature=d2DLaI3QJECgbxUCksQeMoVm2htSuZhO0F8ouCFqXslL7NWk%2FOem9Tt6ydRGebRn2QS67CzfZ4c7H2GWm3SsleSnDn8sd9GVH%2F2xo4lCvJJvK6EaL6fXXA4eCNckXLH3HTS%2FLC2HAZ7AnSHqcA5ry%2B2YlfIZvW97KoNqaQk1n1PLpzujmfwyGAMm8JX8EWfZBIkxyIxWBRCTbivHn2KrzQa5bCbYNgjto8QMNzAH14tOGU7Aqk%2FQjL8kpPnteBWoAOejeyLvFmj4smN2ZYrwP%2F1ao7neCLS%2B12ZUT%2BNmLGH%2BIj7eD0T3%2FlOWlTtF0qVgvze5fc%2BsSsnWyA7NQkYTpg%3D%3D"}
[debug] [2025-08-11T04:13:09.514Z] >>> [apiv2][query] PUT https://storage.googleapis.com/uploads-665223571097.us-central1.cloudfunctions.appspot.com/c1844e43-3f84-44e7-85b4-92547ff7d1cc.zip GoogleAccessId=service-163798845108%40gcf-admin-robot.iam.gserviceaccount.com&Expires=1754887389&Signature=d2DLaI3QJECgbxUCksQeMoVm2htSuZhO0F8ouCFqXslL7NWk%2FOem9Tt6ydRGebRn2QS67CzfZ4c7H2GWm3SsleSnDn8sd9GVH%2F2xo4lCvJJvK6EaL6fXXA4eCNckXLH3HTS%2FLC2HAZ7AnSHqcA5ry%2B2YlfIZvW97KoNqaQk1n1PLpzujmfwyGAMm8JX8EWfZBIkxyIxWBRCTbivHn2KrzQa5bCbYNgjto8QMNzAH14tOGU7Aqk%2FQjL8kpPnteBWoAOejeyLvFmj4smN2ZYrwP%2F1ao7neCLS%2B12ZUT%2BNmLGH%2BIj7eD0T3%2FlOWlTtF0qVgvze5fc%2BsSsnWyA7NQkYTpg%3D%3D
[debug] [2025-08-11T04:13:09.514Z] >>> [apiv2][body] PUT https://storage.googleapis.com/uploads-665223571097.us-central1.cloudfunctions.appspot.com/c1844e43-3f84-44e7-85b4-92547ff7d1cc.zip [stream]
[debug] [2025-08-11T04:13:10.120Z] <<< [apiv2][status] PUT https://storage.googleapis.com/uploads-665223571097.us-central1.cloudfunctions.appspot.com/c1844e43-3f84-44e7-85b4-92547ff7d1cc.zip 200
[debug] [2025-08-11T04:13:10.120Z] <<< [apiv2][body] PUT https://storage.googleapis.com/uploads-665223571097.us-central1.cloudfunctions.appspot.com/c1844e43-3f84-44e7-85b4-92547ff7d1cc.zip [omitted]
[info] +  functions: functions folder uploaded successfully 
[info] i  functions: creating Node.js 18 (1st Gen) function toggleFavorite(us-central1)... 
[debug] [2025-08-11T04:13:10.122Z] Checked if tokens are valid: true, expires at: 1754889084930
[debug] [2025-08-11T04:13:10.122Z] Checked if tokens are valid: true, expires at: 1754889084930
[debug] [2025-08-11T04:13:10.123Z] >>> [apiv2][query] POST https://cloudfunctions.googleapis.com/v1/projects/giminiaggregation/locations/us-central1/functions [none]
[debug] [2025-08-11T04:13:10.123Z] >>> [apiv2][body] POST https://cloudfunctions.googleapis.com/v1/projects/giminiaggregation/locations/us-central1/functions {"name":"projects/giminiaggregation/locations/us-central1/functions/toggleFavorite","sourceUploadUrl":"https://storage.googleapis.com/uploads-665223571097.us-central1.cloudfunctions.appspot.com/c1844e43-3f84-44e7-85b4-92547ff7d1cc.zip?GoogleAccessId=service-163798845108@gcf-admin-robot.iam.gserviceaccount.com&Expires=1754887389&Signature=d2DLaI3QJECgbxUCksQeMoVm2htSuZhO0F8ouCFqXslL7NWk%2FOem9Tt6ydRGebRn2QS67CzfZ4c7H2GWm3SsleSnDn8sd9GVH%2F2xo4lCvJJvK6EaL6fXXA4eCNckXLH3HTS%2FLC2HAZ7AnSHqcA5ry%2B2YlfIZvW97KoNqaQk1n1PLpzujmfwyGAMm8JX8EWfZBIkxyIxWBRCTbivHn2KrzQa5bCbYNgjto8QMNzAH14tOGU7Aqk%2FQjL8kpPnteBWoAOejeyLvFmj4smN2ZYrwP%2F1ao7neCLS%2B12ZUT%2BNmLGH%2BIj7eD0T3%2FlOWlTtF0qVgvze5fc%2BsSsnWyA7NQkYTpg%3D%3D","entryPoint":"toggleFavorite","runtime":"nodejs18","dockerRegistry":"ARTIFACT_REGISTRY","labels":{"deployment-tool":"cli-firebase","deployment-callable":"true","firebase-functions-hash":"763eccdaa6e32ddaecd896334aff19eb621cfce6"},"httpsTrigger":{"securityLevel":"SECURE_ALWAYS"},"minInstances":null,"maxInstances":null,"ingressSettings":null,"environmentVariables":{"FIREBASE_CONFIG":"{\"projectId\":\"giminiaggregation\",\"storageBucket\":\"giminiaggregation.firebasestorage.app\"}","GCLOUD_PROJECT":"giminiaggregation","EVENTARC_CLOUD_EVENT_SOURCE":"projects/giminiaggregation/locations/us-central1/functions/toggleFavorite"},"serviceAccountEmail":null,"availableMemoryMb":null,"timeout":null,"vpcConnector":null,"vpcConnectorEgressSettings":null,"buildEnvironmentVariables":{"GOOGLE_NODE_RUN_SCRIPTS":""}}
[debug] [2025-08-11T04:13:12.393Z] <<< [apiv2][status] POST https://cloudfunctions.googleapis.com/v1/projects/giminiaggregation/locations/us-central1/functions 200
[debug] [2025-08-11T04:13:12.393Z] <<< [apiv2][body] POST https://cloudfunctions.googleapis.com/v1/projects/giminiaggregation/locations/us-central1/functions {"name":"operations/cHJvamVjdHMvZ2ltaW5pYWdncmVnYXRpb24vbG9jYXRpb25zL3VzLWNlbnRyYWwxL29wZXJhdGlvbnMvb3BlcmF0aW9uLTE3NTQ4ODU1OTA3OTAtNjNjMGYyNDQyYjM0NC02Y2Y5ZThjOS05Yjk3YTE5YQ","metadata":{"@type":"type.googleapis.com/google.cloud.functions.v1.OperationMetadataV1","target":"projects/giminiaggregation/locations/us-central1/functions/toggleFavorite","updateTime":"2025-08-11T04:13:12.538197836Z"}}
[debug] [2025-08-11T04:13:12.394Z] Checked if tokens are valid: true, expires at: 1754889084930
[debug] [2025-08-11T04:13:12.394Z] Checked if tokens are valid: true, expires at: 1754889084930
[debug] [2025-08-11T04:13:12.394Z] >>> [apiv2][query] GET https://cloudfunctions.googleapis.com/v1/operations/cHJvamVjdHMvZ2ltaW5pYWdncmVnYXRpb24vbG9jYXRpb25zL3VzLWNlbnRyYWwxL29wZXJhdGlvbnMvb3BlcmF0aW9uLTE3NTQ4ODU1OTA3OTAtNjNjMGYyNDQyYjM0NC02Y2Y5ZThjOS05Yjk3YTE5YQ [none]
[debug] [2025-08-11T04:13:12.699Z] <<< [apiv2][status] GET https://cloudfunctions.googleapis.com/v1/operations/cHJvamVjdHMvZ2ltaW5pYWdncmVnYXRpb24vbG9jYXRpb25zL3VzLWNlbnRyYWwxL29wZXJhdGlvbnMvb3BlcmF0aW9uLTE3NTQ4ODU1OTA3OTAtNjNjMGYyNDQyYjM0NC02Y2Y5ZThjOS05Yjk3YTE5YQ 200
[debug] [2025-08-11T04:13:12.700Z] <<< [apiv2][body] GET https://cloudfunctions.googleapis.com/v1/operations/cHJvamVjdHMvZ2ltaW5pYWdncmVnYXRpb24vbG9jYXRpb25zL3VzLWNlbnRyYWwxL29wZXJhdGlvbnMvb3BlcmF0aW9uLTE3NTQ4ODU1OTA3OTAtNjNjMGYyNDQyYjM0NC02Y2Y5ZThjOS05Yjk3YTE5YQ {"name":"operations/cHJvamVjdHMvZ2ltaW5pYWdncmVnYXRpb24vbG9jYXRpb25zL3VzLWNlbnRyYWwxL29wZXJhdGlvbnMvb3BlcmF0aW9uLTE3NTQ4ODU1OTA3OTAtNjNjMGYyNDQyYjM0NC02Y2Y5ZThjOS05Yjk3YTE5YQ","metadata":{"@type":"type.googleapis.com/google.cloud.functions.v1.OperationMetadataV1","target":"projects/giminiaggregation/locations/us-central1/functions/toggleFavorite","updateTime":"2025-08-11T04:13:12.538197836Z"}}
[debug] [2025-08-11T04:13:13.206Z] [create-default-us-central1-toggleFavorite] Retrying task index 0
[debug] [2025-08-11T04:13:13.206Z] Checked if tokens are valid: true, expires at: 1754889084930
[debug] [2025-08-11T04:13:13.206Z] Checked if tokens are valid: true, expires at: 1754889084930
[debug] [2025-08-11T04:13:13.206Z] >>> [apiv2][query] GET https://cloudfunctions.googleapis.com/v1/operations/cHJvamVjdHMvZ2ltaW5pYWdncmVnYXRpb24vbG9jYXRpb25zL3VzLWNlbnRyYWwxL29wZXJhdGlvbnMvb3BlcmF0aW9uLTE3NTQ4ODU1OTA3OTAtNjNjMGYyNDQyYjM0NC02Y2Y5ZThjOS05Yjk3YTE5YQ [none]
[debug] [2025-08-11T04:13:13.709Z] <<< [apiv2][status] GET https://cloudfunctions.googleapis.com/v1/operations/cHJvamVjdHMvZ2ltaW5pYWdncmVnYXRpb24vbG9jYXRpb25zL3VzLWNlbnRyYWwxL29wZXJhdGlvbnMvb3BlcmF0aW9uLTE3NTQ4ODU1OTA3OTAtNjNjMGYyNDQyYjM0NC02Y2Y5ZThjOS05Yjk3YTE5YQ 200
[debug] [2025-08-11T04:13:13.709Z] <<< [apiv2][body] GET https://cloudfunctions.googleapis.com/v1/operations/cHJvamVjdHMvZ2ltaW5pYWdncmVnYXRpb24vbG9jYXRpb25zL3VzLWNlbnRyYWwxL29wZXJhdGlvbnMvb3BlcmF0aW9uLTE3NTQ4ODU1OTA3OTAtNjNjMGYyNDQyYjM0NC02Y2Y5ZThjOS05Yjk3YTE5YQ {"name":"operations/cHJvamVjdHMvZ2ltaW5pYWdncmVnYXRpb24vbG9jYXRpb25zL3VzLWNlbnRyYWwxL29wZXJhdGlvbnMvb3BlcmF0aW9uLTE3NTQ4ODU1OTA3OTAtNjNjMGYyNDQyYjM0NC02Y2Y5ZThjOS05Yjk3YTE5YQ","metadata":{"@type":"type.googleapis.com/google.cloud.functions.v1.OperationMetadataV1","target":"projects/giminiaggregation/locations/us-central1/functions/toggleFavorite","type":"CREATE_FUNCTION","request":{"@type":"type.googleapis.com/google.cloud.functions.v1.CloudFunction","name":"projects/giminiaggregation/locations/us-central1/functions/toggleFavorite","httpsTrigger":{"securityLevel":"SECURE_ALWAYS"},"entryPoint":"toggleFavorite","updateTime":"1970-01-01T00:00:00Z","labels":{"deployment-tool":"cli-firebase","deployment-callable":"true","firebase-functions-hash":"763eccdaa6e32ddaecd896334aff19eb621cfce6"},"sourceUploadUrl":"https://storage.googleapis.com/uploads-665223571097.us-central1.cloudfunctions.appspot.com/c1844e43-3f84-44e7-85b4-92547ff7d1cc.zip?GoogleAccessId=service-163798845108@gcf-admin-robot.iam.gserviceaccount.com&Expires=1754887389&Signature=d2DLaI3QJECgbxUCksQeMoVm2htSuZhO0F8ouCFqXslL7NWk%2FOem9Tt6ydRGebRn2QS67CzfZ4c7H2GWm3SsleSnDn8sd9GVH%2F2xo4lCvJJvK6EaL6fXXA4eCNckXLH3HTS%2FLC2HAZ7AnSHqcA5ry%2B2YlfIZvW97KoNqaQk1n1PLpzujmfwyGAMm8JX8EWfZBIkxyIxWBRCTbivHn2KrzQa5bCbYNgjto8QMNzAH14tOGU7Aqk%2FQjL8kpPnteBWoAOejeyLvFmj4smN2ZYrwP%2F1ao7neCLS%2B12ZUT%2BNmLGH%2BIj7eD0T3%2FlOWlTtF0qVgvze5fc%2BsSsnWyA7NQkYTpg%3D%3D","environmentVariables":{"FIREBASE_CONFIG":"{\"projectId\":\"giminiaggregation\",\"storageBucket\":\"giminiaggregation.firebasestorage.app\"}","GCLOUD_PROJECT":"giminiaggregation","EVENTARC_CLOUD_EVENT_SOURCE":"projects/giminiaggregation/locations/us-central1/functions/toggleFavorite"},"runtime":"nodejs18","buildEnvironmentVariables":{"GOOGLE_NODE_RUN_SCRIPTS":""},"dockerRegistry":"ARTIFACT_REGISTRY"},"updateTime":"2025-08-11T04:13:13.325483139Z"},"done":true,"error":{"code":9,"message":"Failed to create 1st Gen function projects/giminiaggregation/locations/us-central1/functions/toggleFavorite: Default service account '163798845108-compute@developer.gserviceaccount.com' doesn't exist. Please recreate this account or specify a different account. Please visit https://cloud.google.com/functions/docs/troubleshooting for in-depth troubleshooting documentation."}}
[debug] [2025-08-11T04:13:13.709Z] Got source token undefined for region us-central1
[error] Failed to create 1st Gen function projects/giminiaggregation/locations/us-central1/functions/toggleFavorite: Default service account '163798845108-compute@developer.gserviceaccount.com' doesn't exist. Please recreate this account or specify a different account. Please visit https://cloud.google.com/functions/docs/troubleshooting for in-depth troubleshooting documentation.
[debug] [2025-08-11T04:13:13.711Z] Total Function Deployment time: 3588
[debug] [2025-08-11T04:13:13.711Z] 1 Functions Deployed
[debug] [2025-08-11T04:13:13.711Z] 1 Functions Errored
[debug] [2025-08-11T04:13:13.711Z] 0 Function Deployments Aborted
[debug] [2025-08-11T04:13:13.711Z] Average Function Deployment time: 3588
[info] 
[info] Functions deploy had errors with the following functions:
	toggleFavorite(us-central1)
[debug] [2025-08-11T04:13:13.712Z] Checked if tokens are valid: true, expires at: 1754889084930
[debug] [2025-08-11T04:13:13.712Z] Checked if tokens are valid: true, expires at: 1754889084930
[debug] [2025-08-11T04:13:13.712Z] >>> [apiv2][query] GET https://artifactregistry.googleapis.com/v1/projects/giminiaggregation/locations/us-central1/repositories/gcf-artifacts [none]
[debug] [2025-08-11T04:13:14.759Z] <<< [apiv2][status] GET https://artifactregistry.googleapis.com/v1/projects/giminiaggregation/locations/us-central1/repositories/gcf-artifacts 404
[debug] [2025-08-11T04:13:14.759Z] <<< [apiv2][body] GET https://artifactregistry.googleapis.com/v1/projects/giminiaggregation/locations/us-central1/repositories/gcf-artifacts {"error":{"code":404,"message":"Requested entity was not found.","status":"NOT_FOUND"}}
[debug] [2025-08-11T04:13:14.760Z] Failed to check artifact cleanup policy for region us-central1: Request to https://artifactregistry.googleapis.com/v1/projects/giminiaggregation/locations/us-central1/repositories/gcf-artifacts had HTTP Error: 404, Requested entity was not found. {"name":"FirebaseError","children":[],"context":{"body":{"error":{"code":404,"message":"Requested entity was not found.","status":"NOT_FOUND"}},"response":{"statusCode":404}},"exit":1,"message":"Request to https://artifactregistry.googleapis.com/v1/projects/giminiaggregation/locations/us-central1/repositories/gcf-artifacts had HTTP Error: 404, Requested entity was not found.","status":404}
[debug] [2025-08-11T04:13:14.760Z] Functions deploy failed.
[debug] [2025-08-11T04:13:14.760Z] {
  "endpoint": {
    "id": "toggleFavorite",
    "project": "giminiaggregation",
    "region": "us-central1",
    "entryPoint": "toggleFavorite",
    "platform": "gcfv1",
    "runtime": "nodejs18",
    "callableTrigger": {},
    "labels": {
      "deployment-tool": "cli-firebase"
    },
    "serviceAccount": null,
    "ingressSettings": null,
    "availableMemoryMb": null,
    "timeoutSeconds": null,
    "maxInstances": null,
    "minInstances": null,
    "vpc": null,
    "environmentVariables": {
      "FIREBASE_CONFIG": "{\"projectId\":\"giminiaggregation\",\"storageBucket\":\"giminiaggregation.firebasestorage.app\"}",
      "GCLOUD_PROJECT": "giminiaggregation",
      "EVENTARC_CLOUD_EVENT_SOURCE": "projects/giminiaggregation/locations/us-central1/functions/toggleFavorite"
    },
    "codebase": "default",
    "targetedByOnly": true,
    "hash": "763eccdaa6e32ddaecd896334aff19eb621cfce6"
  },
  "op": "create",
  "original": {
    "name": "FirebaseError",
    "children": [],
    "exit": 1,
    "message": "Failed to create 1st Gen function projects/giminiaggregation/locations/us-central1/functions/toggleFavorite: Default service account '163798845108-compute@developer.gserviceaccount.com' doesn't exist. Please recreate this account or specify a different account. Please visit https://cloud.google.com/functions/docs/troubleshooting for in-depth troubleshooting documentation.",
    "original": {
      "code": 9,
      "message": "Failed to create 1st Gen function projects/giminiaggregation/locations/us-central1/functions/toggleFavorite: Default service account '163798845108-compute@developer.gserviceaccount.com' doesn't exist. Please recreate this account or specify a different account. Please visit https://cloud.google.com/functions/docs/troubleshooting for in-depth troubleshooting documentation."
    },
    "status": 9,
    "code": 9
  }
}
[debug] [2025-08-11T04:13:14.760Z] Error: Failed to create function toggleFavorite in region us-central1
    at C:\Users\fukur\AppData\Roaming\npm\node_modules\firebase-tools\lib\deploy\functions\release\fabricator.js:52:11
    at process.processTicksAndRejections (node:internal/process/task_queues:105:5)
    at async Fabricator.createV1Function (C:\Users\fukur\AppData\Roaming\npm\node_modules\firebase-tools\lib\deploy\functions\release\fabricator.js:182:32)
    at async Fabricator.createEndpoint (C:\Users\fukur\AppData\Roaming\npm\node_modules\firebase-tools\lib\deploy\functions\release\fabricator.js:134:13)
    at async handle (C:\Users\fukur\AppData\Roaming\npm\node_modules\firebase-tools\lib\deploy\functions\release\fabricator.js:89:17)
[error] 
[error] Error: There was an error deploying functions
